# -*-compilation-*-
Traitement de « C:/Users/Xavier/Documents/Mes Partitions/BACH, J.S/BWV39/BWV39-Aria.ly »
Analyse...
Interprétation en cours de la musique...[8][16][24][32][40][48][56][64]
Pré-traitement des éléments graphiques...
erreur de programmation : number of pages is out of bounds
poursuite ; croisons les doigts.
erreur de programmation : tried to space systems on a bad number of pages
poursuite ; croisons les doigts.
Répartition de la musique sur 4 pages...
erreur de programmation : number of pages is out of bounds
poursuite ; croisons les doigts.
erreur de programmation : tried to space systems on a bad number of pages
poursuite ; croisons les doigts.
erreur de programmation : number of pages is out of bounds
poursuite ; croisons les doigts.
erreur de programmation : tried to space systems on a bad number of pages
poursuite ; croisons les doigts.
Dessin des systèmes...
Avertissement : compressing over-full page by 40.6 staff-spaces
Avertissement : page 4 has been compressed
Sortie mise en page vers « /Users/Xavier/Documents/Mes Partitions/BACH, J.S/BWV39/BWV39-Aria.ps »...
Conversion à « /Users/Xavier/Documents/Mes Partitions/BACH, J.S/BWV39/BWV39-Aria.pdf »...
Compilation menée à son terme, avec succès.
